{
    "level": "INFO",
    "message": "DATABASE_CONNECTION",
    "timestamp": "2025-06-10T10:58:12.002Z",
    "meta": {
        "CONNECTION_NAME": "test"
    }
}
{
    "level": "INFO",
    "message": "RATE_LIMITER_INITIATED",
    "timestamp": "2025-06-10T10:58:12.012Z",
    "meta": {}
}
{
    "level": "INFO",
    "message": "APPLICATION_STARTED",
    "timestamp": "2025-06-10T10:58:12.012Z",
    "meta": {}
}
{
    "level": "INFO",
    "message": "DATABASE_CONNECTION",
    "timestamp": "2025-06-10T10:58:31.539Z",
    "meta": {
        "CONNECTION_NAME": "test"
    }
}
{
    "level": "INFO",
    "message": "RATE_LIMITER_INITIATED",
    "timestamp": "2025-06-10T10:58:31.545Z",
    "meta": {}
}
{
    "level": "INFO",
    "message": "APPLICATION_STARTED",
    "timestamp": "2025-06-10T10:58:31.546Z",
    "meta": {
        "PORT": 5000
    }
}
{
    "level": "INFO",
    "message": "DATABASE_CONNECTION",
    "timestamp": "2025-06-10T10:58:35.133Z",
    "meta": {
        "CONNECTION_NAME": "test"
    }
}
{
    "level": "INFO",
    "message": "RATE_LIMITER_INITIATED",
    "timestamp": "2025-06-10T10:58:35.136Z",
    "meta": {}
}
{
    "level": "INFO",
    "message": "APPLICATION_STARTED",
    "timestamp": "2025-06-10T10:58:35.136Z",
    "meta": {
        "PORT": 5000
    }
}
{
    "level": "INFO",
    "message": "DATABASE_CONNECTION",
    "timestamp": "2025-06-10T10:58:38.289Z",
    "meta": {
        "CONNECTION_NAME": "test"
    }
}
{
    "level": "INFO",
    "message": "RATE_LIMITER_INITIATED",
    "timestamp": "2025-06-10T10:58:38.296Z",
    "meta": {}
}
{
    "level": "INFO",
    "message": "APPLICATION_STARTED",
    "timestamp": "2025-06-10T10:58:38.297Z",
    "meta": {
        "PORT": 5000,
        "SERVER_URL": "http://localhost:5000"
    }
}
{
    "level": "INFO",
    "message": "DATABASE_CONNECTION",
    "timestamp": "2025-06-10T10:59:02.509Z",
    "meta": {
        "CONNECTION_NAME": "test"
    }
}
{
    "level": "INFO",
    "message": "RATE_LIMITER_INITIATED",
    "timestamp": "2025-06-10T10:59:02.514Z",
    "meta": {}
}
{
    "level": "INFO",
    "message": "APPLICATION_STARTED",
    "timestamp": "2025-06-10T10:59:02.515Z",
    "meta": {
        "PORT": 5000,
        "SERVER_URL": "http://localhost:5000"
    }
}
{
    "level": "INFO",
    "message": "DATABASE_CONNECTION",
    "timestamp": "2025-06-10T10:59:09.365Z",
    "meta": {
        "CONNECTION_NAME": "test"
    }
}
{
    "level": "INFO",
    "message": "RATE_LIMITER_INITIATED",
    "timestamp": "2025-06-10T10:59:09.371Z",
    "meta": {}
}
{
    "level": "INFO",
    "message": "APPLICATION_STARTED",
    "timestamp": "2025-06-10T10:59:09.372Z",
    "meta": {
        "PORT": 5000,
        "SERVER_URL": "http://localhost:5000"
    }
}
{
    "level": "INFO",
    "message": "DATABASE_CONNECTION",
    "timestamp": "2025-06-10T10:59:13.902Z",
    "meta": {
        "CONNECTION_NAME": "test"
    }
}
{
    "level": "INFO",
    "message": "RATE_LIMITER_INITIATED",
    "timestamp": "2025-06-10T10:59:13.906Z",
    "meta": {}
}
{
    "level": "INFO",
    "message": "APPLICATION_STARTED",
    "timestamp": "2025-06-10T10:59:13.906Z",
    "meta": {
        "PORT": 5000,
        "SERVER_URL": "http://localhost:5000"
    }
}
{
    "level": "INFO",
    "message": "DATABASE_CONNECTION",
    "timestamp": "2025-06-10T10:59:21.195Z",
    "meta": {
        "CONNECTION_NAME": "test"
    }
}
{
    "level": "INFO",
    "message": "RATE_LIMITER_INITIATED",
    "timestamp": "2025-06-10T10:59:21.201Z",
    "meta": {}
}
{
    "level": "INFO",
    "message": "APPLICATION_STARTED",
    "timestamp": "2025-06-10T10:59:21.201Z",
    "meta": {
        "PORT": 5000,
        "SERVER_URL": "http://localhost:5000"
    }
}
{
    "level": "INFO",
    "message": "DATABASE_CONNECTION",
    "timestamp": "2025-06-10T10:59:32.427Z",
    "meta": {
        "CONNECTION_NAME": "test"
    }
}
{
    "level": "INFO",
    "message": "RATE_LIMITER_INITIATED",
    "timestamp": "2025-06-10T10:59:32.433Z",
    "meta": {}
}
{
    "level": "INFO",
    "message": "APPLICATION_STARTED",
    "timestamp": "2025-06-10T10:59:32.433Z",
    "meta": {
        "PORT": 5000,
        "SERVER_URL": "http://localhost:5000"
    }
}
{
    "level": "INFO",
    "message": "DATABASE_CONNECTION",
    "timestamp": "2025-06-10T10:59:43.715Z",
    "meta": {
        "CONNECTION_NAME": "test"
    }
}
{
    "level": "INFO",
    "message": "RATE_LIMITER_INITIATED",
    "timestamp": "2025-06-10T10:59:43.718Z",
    "meta": {}
}
{
    "level": "INFO",
    "message": "APPLICATION_STARTED",
    "timestamp": "2025-06-10T10:59:43.719Z",
    "meta": {
        "PORT": 5000,
        "SERVER_URL": "http://localhost:5000"
    }
}
{
    "level": "INFO",
    "message": "DATABASE_CONNECTION",
    "timestamp": "2025-06-10T11:00:01.468Z",
    "meta": {
        "CONNECTION_NAME": "test"
    }
}
{
    "level": "INFO",
    "message": "RATE_LIMITER_INITIATED",
    "timestamp": "2025-06-10T11:00:01.474Z",
    "meta": {}
}
{
    "level": "INFO",
    "message": "APPLICATION_STARTED",
    "timestamp": "2025-06-10T11:00:01.475Z",
    "meta": {
        "PORT": 5000,
        "SERVER_URL": "http://localhost:5000"
    }
}
{
    "level": "INFO",
    "message": "DATABASE_CONNECTION",
    "timestamp": "2025-07-27T19:52:27.292Z",
    "meta": {
        "CONNECTION_NAME": "tiffix"
    }
}
{
    "level": "INFO",
    "message": "RATE_LIMITER_INITIATED",
    "timestamp": "2025-07-27T19:52:27.296Z",
    "meta": {}
}
{
    "level": "INFO",
    "message": "APPLICATION_STARTED",
    "timestamp": "2025-07-27T19:52:27.297Z",
    "meta": {
        "PORT": 5000,
        "SERVER_URL": "http://localhost:5000"
    }
}
{
    "level": "INFO",
    "message": "CONTROLLER_RESPONSE",
    "timestamp": "2025-07-27T19:53:04.502Z",
    "meta": {
        "success": true,
        "statusCode": 200,
        "request": {
            "ip": "::1",
            "method": "GET",
            "url": "/v1/health"
        },
        "message": "The operation has been successful",
        "data": {
            "application": {
                "uptime": "37.93 Seconds",
                "memoryUsage": {
                    "heapTotal": "24.06 MB",
                    "heapUsed": "22.01 MB"
                }
            },
            "system": {
                "cpuUsage": [
                    4.6416015625,
                    7.85693359375,
                    5.927734375
                ],
                "totalMemory": "16384.00 MB",
                "freeMemory": "50.67 MB"
            },
            "timestamp": 1753645984502
        }
    }
}
{
    "level": "INFO",
    "message": "CONTROLLER_RESPONSE",
    "timestamp": "2025-07-27T19:53:04.506Z",
    "meta": {
        "success": true,
        "statusCode": 200,
        "request": {
            "ip": "::1",
            "method": "GET",
            "url": "/v1/health"
        },
        "message": "The operation has been successful",
        "data": {
            "application": {
                "uptime": "37.94 Seconds",
                "memoryUsage": {
                    "heapTotal": "24.56 MB",
                    "heapUsed": "21.67 MB"
                }
            },
            "system": {
                "cpuUsage": [
                    4.6416015625,
                    7.85693359375,
                    5.927734375
                ],
                "totalMemory": "16384.00 MB",
                "freeMemory": "63.66 MB"
            },
            "timestamp": 1753645984506
        }
    }
}
{
    "level": "INFO",
    "message": "CONTROLLER_RESPONSE",
    "timestamp": "2025-07-27T19:53:34.495Z",
    "meta": {
        "success": true,
        "statusCode": 200,
        "request": {
            "ip": "::1",
            "method": "GET",
            "url": "/v1/health"
        },
        "message": "The operation has been successful",
        "data": {
            "application": {
                "uptime": "67.93 Seconds",
                "memoryUsage": {
                    "heapTotal": "24.56 MB",
                    "heapUsed": "22.20 MB"
                }
            },
            "system": {
                "cpuUsage": [
                    3.5595703125,
                    7.28076171875,
                    5.78466796875
                ],
                "totalMemory": "16384.00 MB",
                "freeMemory": "377.02 MB"
            },
            "timestamp": 1753646014495
        }
    }
}
{
    "level": "INFO",
    "message": "CONTROLLER_RESPONSE",
    "timestamp": "2025-07-27T19:54:04.498Z",
    "meta": {
        "success": true,
        "statusCode": 200,
        "request": {
            "ip": "::1",
            "method": "GET",
            "url": "/v1/health"
        },
        "message": "The operation has been successful",
        "data": {
            "application": {
                "uptime": "97.93 Seconds",
                "memoryUsage": {
                    "heapTotal": "24.81 MB",
                    "heapUsed": "22.64 MB"
                }
            },
            "system": {
                "cpuUsage": [
                    3.1328125,
                    6.8095703125,
                    5.6640625
                ],
                "totalMemory": "16384.00 MB",
                "freeMemory": "315.27 MB"
            },
            "timestamp": 1753646044498
        }
    }
}
{
    "level": "INFO",
    "message": "CONTROLLER_RESPONSE",
    "timestamp": "2025-07-27T19:54:34.498Z",
    "meta": {
        "success": true,
        "statusCode": 200,
        "request": {
            "ip": "::1",
            "method": "GET",
            "url": "/v1/health"
        },
        "message": "The operation has been successful",
        "data": {
            "application": {
                "uptime": "127.93 Seconds",
                "memoryUsage": {
                    "heapTotal": "24.81 MB",
                    "heapUsed": "22.26 MB"
                }
            },
            "system": {
                "cpuUsage": [
                    2.69189453125,
                    6.3359375,
                    5.53076171875
                ],
                "totalMemory": "16384.00 MB",
                "freeMemory": "340.78 MB"
            },
            "timestamp": 1753646074498
        }
    }
}
{
    "level": "INFO",
    "message": "CONTROLLER_RESPONSE",
    "timestamp": "2025-07-27T19:55:04.498Z",
    "meta": {
        "success": true,
        "statusCode": 200,
        "request": {
            "ip": "::1",
            "method": "GET",
            "url": "/v1/health"
        },
        "message": "The operation has been successful",
        "data": {
            "application": {
                "uptime": "157.93 Seconds",
                "memoryUsage": {
                    "heapTotal": "24.81 MB",
                    "heapUsed": "22.57 MB"
                }
            },
            "system": {
                "cpuUsage": [
                    2.20654296875,
                    5.87158203125,
                    5.3896484375
                ],
                "totalMemory": "16384.00 MB",
                "freeMemory": "353.28 MB"
            },
            "timestamp": 1753646104498
        }
    }
}
{
    "level": "INFO",
    "message": "CONTROLLER_RESPONSE",
    "timestamp": "2025-07-27T19:55:34.496Z",
    "meta": {
        "success": true,
        "statusCode": 200,
        "request": {
            "ip": "::1",
            "method": "GET",
            "url": "/v1/health"
        },
        "message": "The operation has been successful",
        "data": {
            "application": {
                "uptime": "187.93 Seconds",
                "memoryUsage": {
                    "heapTotal": "24.81 MB",
                    "heapUsed": "22.96 MB"
                }
            },
            "system": {
                "cpuUsage": [
                    2.18994140625,
                    5.51611328125,
                    5.27685546875
                ],
                "totalMemory": "16384.00 MB",
                "freeMemory": "126.80 MB"
            },
            "timestamp": 1753646134495
        }
    }
}
{
    "level": "INFO",
    "message": "CONTROLLER_RESPONSE",
    "timestamp": "2025-07-27T19:56:04.497Z",
    "meta": {
        "success": true,
        "statusCode": 200,
        "request": {
            "ip": "::1",
            "method": "GET",
            "url": "/v1/health"
        },
        "message": "The operation has been successful",
        "data": {
            "application": {
                "uptime": "217.93 Seconds",
                "memoryUsage": {
                    "heapTotal": "24.81 MB",
                    "heapUsed": "22.42 MB"
                }
            },
            "system": {
                "cpuUsage": [
                    1.919921875,
                    5.130859375,
                    5.14453125
                ],
                "totalMemory": "16384.00 MB",
                "freeMemory": "170.98 MB"
            },
            "timestamp": 1753646164497
        }
    }
}
{
    "level": "INFO",
    "message": "CONTROLLER_RESPONSE",
    "timestamp": "2025-07-27T19:56:34.497Z",
    "meta": {
        "success": true,
        "statusCode": 200,
        "request": {
            "ip": "::1",
            "method": "GET",
            "url": "/v1/health"
        },
        "message": "The operation has been successful",
        "data": {
            "application": {
                "uptime": "247.93 Seconds",
                "memoryUsage": {
                    "heapTotal": "25.06 MB",
                    "heapUsed": "22.70 MB"
                }
            },
            "system": {
                "cpuUsage": [
                    2.05908203125,
                    4.84814453125,
                    5.04052734375
                ],
                "totalMemory": "16384.00 MB",
                "freeMemory": "248.08 MB"
            },
            "timestamp": 1753646194497
        }
    }
}
{
    "level": "INFO",
    "message": "CONTROLLER_RESPONSE",
    "timestamp": "2025-07-27T19:57:04.499Z",
    "meta": {
        "success": true,
        "statusCode": 200,
        "request": {
            "ip": "::1",
            "method": "GET",
            "url": "/v1/health"
        },
        "message": "The operation has been successful",
        "data": {
            "application": {
                "uptime": "277.93 Seconds",
                "memoryUsage": {
                    "heapTotal": "25.31 MB",
                    "heapUsed": "22.99 MB"
                }
            },
            "system": {
                "cpuUsage": [
                    2.1435546875,
                    4.60498046875,
                    4.9453125
                ],
                "totalMemory": "16384.00 MB",
                "freeMemory": "222.66 MB"
            },
            "timestamp": 1753646224499
        }
    }
}
{
    "level": "INFO",
    "message": "CONTROLLER_RESPONSE",
    "timestamp": "2025-07-27T19:57:09.193Z",
    "meta": {
        "success": true,
        "statusCode": 200,
        "request": {
            "ip": "::1",
            "method": "GET",
            "url": "/v1/health"
        },
        "message": "The operation has been successful",
        "data": {
            "application": {
                "uptime": "282.63 Seconds",
                "memoryUsage": {
                    "heapTotal": "25.31 MB",
                    "heapUsed": "22.91 MB"
                }
            },
            "system": {
                "cpuUsage": [
                    2.0517578125,
                    4.544921875,
                    4.921875
                ],
                "totalMemory": "16384.00 MB",
                "freeMemory": "202.36 MB"
            },
            "timestamp": 1753646229193
        }
    }
}
{
    "level": "INFO",
    "message": "CONTROLLER_RESPONSE",
    "timestamp": "2025-07-27T19:57:09.198Z",
    "meta": {
        "success": true,
        "statusCode": 200,
        "request": {
            "ip": "::1",
            "method": "GET",
            "url": "/v1/health"
        },
        "message": "The operation has been successful",
        "data": {
            "application": {
                "uptime": "282.63 Seconds",
                "memoryUsage": {
                    "heapTotal": "25.31 MB",
                    "heapUsed": "23.06 MB"
                }
            },
            "system": {
                "cpuUsage": [
                    2.0517578125,
                    4.544921875,
                    4.921875
                ],
                "totalMemory": "16384.00 MB",
                "freeMemory": "202.48 MB"
            },
            "timestamp": 1753646229197
        }
    }
}
{
    "level": "INFO",
    "message": "CONTROLLER_RESPONSE",
    "timestamp": "2025-07-27T19:57:39.196Z",
    "meta": {
        "success": true,
        "statusCode": 200,
        "request": {
            "ip": "::1",
            "method": "GET",
            "url": "/v1/health"
        },
        "message": "The operation has been successful",
        "data": {
            "application": {
                "uptime": "312.63 Seconds",
                "memoryUsage": {
                    "heapTotal": "25.31 MB",
                    "heapUsed": "23.20 MB"
                }
            },
            "system": {
                "cpuUsage": [
                    2.19482421875,
                    4.3466796875,
                    4.83642578125
                ],
                "totalMemory": "16384.00 MB",
                "freeMemory": "328.03 MB"
            },
            "timestamp": 1753646259196
        }
    }
}
{
    "level": "INFO",
    "message": "CONTROLLER_RESPONSE",
    "timestamp": "2025-07-27T19:58:09.198Z",
    "meta": {
        "success": true,
        "statusCode": 200,
        "request": {
            "ip": "::1",
            "method": "GET",
            "url": "/v1/health"
        },
        "message": "The operation has been successful",
        "data": {
            "application": {
                "uptime": "342.63 Seconds",
                "memoryUsage": {
                    "heapTotal": "25.31 MB",
                    "heapUsed": "22.76 MB"
                }
            },
            "system": {
                "cpuUsage": [
                    2.05126953125,
                    4.10498046875,
                    4.73046875
                ],
                "totalMemory": "16384.00 MB",
                "freeMemory": "334.11 MB"
            },
            "timestamp": 1753646289198
        }
    }
}
{
    "level": "INFO",
    "message": "CONTROLLER_RESPONSE",
    "timestamp": "2025-07-27T19:58:39.197Z",
    "meta": {
        "success": true,
        "statusCode": 200,
        "request": {
            "ip": "::1",
            "method": "GET",
            "url": "/v1/health"
        },
        "message": "The operation has been successful",
        "data": {
            "application": {
                "uptime": "372.63 Seconds",
                "memoryUsage": {
                    "heapTotal": "25.31 MB",
                    "heapUsed": "22.93 MB"
                }
            },
            "system": {
                "cpuUsage": [
                    2.0400390625,
                    3.90283203125,
                    4.634765625
                ],
                "totalMemory": "16384.00 MB",
                "freeMemory": "270.06 MB"
            },
            "timestamp": 1753646319197
        }
    }
}
